<?xml version="1.0" encoding="utf-8"?><testsuites name="pytest tests"><testsuite name="pytest" errors="0" failures="0" skipped="0" tests="9" time="4.021" timestamp="2026-08-25T15:24:41.278259+00:00" hostname="agent-env-0bf4f91e-0cf3-4e84-9fb8-5807a06a2861"><testcase classname="backend.tests.test_kitchen_bug_fix.TestKitchenBugFix" name="test_flag_send_to_kitchen_keeps_pending" time="1.094" /><testcase classname="backend.tests.test_kitchen_bug_fix.TestKitchenBugFix" name="test_kitchen_endpoint_returns_pending_by_default" time="0.093" /><testcase classname="backend.tests.test_kitchen_bug_fix.TestKitchenBugFix" name="test_toggle_item_status_to_ready" time="0.227" /><testcase classname="backend.tests.test_kitchen_bug_fix.TestKitchenBugFix" name="test_toggle_item_status_back_to_pending" time="0.125" /><testcase classname="backend.tests.test_kitchen_bug_fix.TestKitchenBugFix" name="test_patch_sendtokitchen_does_not_toggle_ready_when_pending" time="0.452" /><testcase classname="backend.tests.test_order_status_recalc" name="test_all_pending_is_in_attesa" time="0.971" /><testcase classname="backend.tests.test_order_status_recalc" name="test_mix_ready_and_pending_is_in_preparazione" time="0.254" /><testcase classname="backend.tests.test_order_status_recalc" name="test_all_ready_is_pronto" time="0.166" /><testcase classname="backend.tests.test_order_status_recalc" name="test_any_problem_is_sospeso" time="0.592" /></testsuite></testsuites>