<?xml version="1.0" encoding="utf-8"?><testsuites name="pytest tests"><testsuite name="pytest" errors="0" failures="0" skipped="0" tests="39" time="15.847" timestamp="2026-09-04T08:33:16.863070+00:00" hostname="agent-env-0bf4f91e-0cf3-4e84-9fb8-5807a06a2861"><testcase classname="backend.tests.test_custom_items_by_index.TestByIndexEndpoints" name="test_update_custom_item_status_by_index_to_ready" time="0.960" /><testcase classname="backend.tests.test_custom_items_by_index.TestByIndexEndpoints" name="test_update_custom_item_status_by_index_to_problem" time="0.526" /><testcase classname="backend.tests.test_custom_items_by_index.TestByIndexEndpoints" name="test_update_custom_item_status_by_index_back_to_pending" time="0.779" /><testcase classname="backend.tests.test_custom_items_by_index.TestByIndexEndpoints" name="test_delete_custom_item_by_index" time="0.496" /><testcase classname="backend.tests.test_custom_items_by_index.TestByIndexEndpoints" name="test_update_status_invalid_index" time="0.548" /><testcase classname="backend.tests.test_custom_items_by_index.TestByIndexEndpoints" name="test_delete_invalid_index" time="0.520" /><testcase classname="backend.tests.test_custom_items_by_index.TestByIndexEndpoints" name="test_update_status_invalid_status" time="0.558" /><testcase classname="backend.tests.test_custom_items_by_index.TestMixedItemsOrder" name="test_update_second_custom_item_status" time="0.745" /><testcase classname="backend.tests.test_custom_items_by_index.TestMixedItemsOrder" name="test_delete_first_item_preserves_second" time="0.779" /><testcase classname="backend.tests.test_custom_items_by_index.TestFrontendAPIFunctions" name="test_removeItemByIndex_function" time="0.639" /><testcase classname="backend.tests.test_custom_items_by_index.TestFrontendAPIFunctions" name="test_updateItemStatusByIndex_function" time="0.673" /><testcase classname="backend.tests.test_kitchen_bug_fix.TestKitchenBugFix" name="test_flag_send_to_kitchen_keeps_pending" time="0.791" /><testcase classname="backend.tests.test_kitchen_bug_fix.TestKitchenBugFix" name="test_kitchen_endpoint_returns_pending_by_default" time="0.066" /><testcase classname="backend.tests.test_kitchen_bug_fix.TestKitchenBugFix" name="test_toggle_item_status_to_ready" time="0.179" /><testcase classname="backend.tests.test_kitchen_bug_fix.TestKitchenBugFix" name="test_toggle_item_status_back_to_pending" time="0.083" /><testcase classname="backend.tests.test_kitchen_bug_fix.TestKitchenBugFix" name="test_patch_sendtokitchen_does_not_toggle_ready_when_pending" time="0.370" /><testcase classname="backend.tests.test_kitchen_reset_pending_fix.TestKitchenActivationResetsPending" name="test_activation_from_ready_resets_to_pending_and_status" time="0.605" /><testcase classname="backend.tests.test_kitchen_reset_pending_fix.TestKitchenActivationResetsPending" name="test_deactivation_does_not_touch_itemStatus" time="0.301" /><testcase classname="backend.tests.test_kitchen_reset_pending_fix.TestKitchenActivationResetsPending" name="test_activation_from_pending_keeps_pending" time="0.190" /><testcase classname="backend.tests.test_kitchen_reset_pending_fix.TestKitchenActivationResetsPending" name="test_activation_from_problem_resets_to_pending" time="0.237" /><testcase classname="backend.tests.test_kitchen_reset_pending_fix.TestKitchenActivationResetsPending" name="test_kitchen_endpoint_reflects_reset" time="0.301" /><testcase classname="backend.tests.test_kitchen_reset_pending_fix.TestKitchenActivationResetsPending" name="test_activation_combined_with_other_fields" time="0.298" /><testcase classname="backend.tests.test_kitchen_reset_pending_fix.TestKitchenActivationResetsPending" name="test_patch_quantity_only_does_not_touch_itemStatus" time="0.234" /><testcase classname="backend.tests.test_kitchen_reset_pending_fix.TestKitchenActivationResetsPending" name="test_patch_notes_only_does_not_touch_itemStatus" time="0.234" /><testcase classname="backend.tests.test_kitchen_reset_pending_fix.TestKitchenActivationResetsPending" name="test_repeated_activation_is_idempotent" time="0.928" /><testcase classname="backend.tests.test_order_status_recalc" name="test_all_pending_is_in_attesa" time="0.742" /><testcase classname="backend.tests.test_order_status_recalc" name="test_mix_ready_and_pending_is_in_preparazione" time="0.208" /><testcase classname="backend.tests.test_order_status_recalc" name="test_all_ready_is_pronto" time="0.147" /><testcase classname="backend.tests.test_order_status_recalc" name="test_any_problem_is_sospeso" time="0.505" /><testcase classname="backend.tests.test_receipt_and_categories.TestCategoriesAPI" name="test_get_categories" time="0.124" /><testcase classname="backend.tests.test_receipt_and_categories.TestCategoriesAPI" name="test_categories_have_expected_names" time="0.138" /><testcase classname="backend.tests.test_receipt_and_categories.TestMenuWithCategories" name="test_get_menu_by_date" time="0.136" /><testcase classname="backend.tests.test_receipt_and_categories.TestOrdersAPI" name="test_get_orders" time="0.112" /><testcase classname="backend.tests.test_receipt_and_categories.TestOrdersAPI" name="test_order_has_receipt_field" time="0.139" /><testcase classname="backend.tests.test_receipt_and_categories.TestReceiptEndpoints" name="test_upload_receipt" time="0.258" /><testcase classname="backend.tests.test_receipt_and_categories.TestReceiptEndpoints" name="test_get_order_with_receipt" time="0.372" /><testcase classname="backend.tests.test_receipt_and_categories.TestReceiptEndpoints" name="test_delete_receipt" time="0.338" /><testcase classname="backend.tests.test_receipt_and_categories.TestReceiptEndpoints" name="test_upload_receipt_invalid_order" time="0.112" /><testcase classname="backend.tests.test_receipt_and_categories.TestPaymentEndpoints" name="test_update_payment_status" time="0.404" /></testsuite></testsuites>