<?xml version="1.0" encoding="utf-8"?><testsuites name="pytest tests"><testsuite name="pytest" errors="0" failures="0" skipped="0" tests="5" time="2.117" timestamp="2026-08-25T15:12:06.247570+00:00" hostname="agent-env-0bf4f91e-0cf3-4e84-9fb8-5807a06a2861"><testcase classname="backend.tests.test_kitchen_bug_fix.TestKitchenBugFix" name="test_flag_send_to_kitchen_keeps_pending" time="1.246" /><testcase classname="backend.tests.test_kitchen_bug_fix.TestKitchenBugFix" name="test_kitchen_endpoint_returns_pending_by_default" time="0.077" /><testcase classname="backend.tests.test_kitchen_bug_fix.TestKitchenBugFix" name="test_toggle_item_status_to_ready" time="0.174" /><testcase classname="backend.tests.test_kitchen_bug_fix.TestKitchenBugFix" name="test_toggle_item_status_back_to_pending" time="0.089" /><testcase classname="backend.tests.test_kitchen_bug_fix.TestKitchenBugFix" name="test_patch_sendtokitchen_does_not_toggle_ready_when_pending" time="0.426" /></testsuite></testsuites>