<?xml version="1.0" encoding="utf-8"?><testsuites name="pytest tests"><testsuite name="pytest" errors="0" failures="0" skipped="0" tests="9" time="6.403" timestamp="2026-08-25T16:02:38.762455+00:00" hostname="agent-env-0bf4f91e-0cf3-4e84-9fb8-5807a06a2861"><testcase classname="backend.tests.test_kitchen_reset_pending_fix.TestKitchenActivationResetsPending" name="test_activation_from_ready_resets_to_pending_and_status" time="1.145" /><testcase classname="backend.tests.test_kitchen_reset_pending_fix.TestKitchenActivationResetsPending" name="test_deactivation_does_not_touch_itemStatus" time="0.538" /><testcase classname="backend.tests.test_kitchen_reset_pending_fix.TestKitchenActivationResetsPending" name="test_activation_from_pending_keeps_pending" time="0.320" /><testcase classname="backend.tests.test_kitchen_reset_pending_fix.TestKitchenActivationResetsPending" name="test_activation_from_problem_resets_to_pending" time="0.475" /><testcase classname="backend.tests.test_kitchen_reset_pending_fix.TestKitchenActivationResetsPending" name="test_kitchen_endpoint_reflects_reset" time="0.579" /><testcase classname="backend.tests.test_kitchen_reset_pending_fix.TestKitchenActivationResetsPending" name="test_activation_combined_with_other_fields" time="0.597" /><testcase classname="backend.tests.test_kitchen_reset_pending_fix.TestKitchenActivationResetsPending" name="test_patch_quantity_only_does_not_touch_itemStatus" time="0.479" /><testcase classname="backend.tests.test_kitchen_reset_pending_fix.TestKitchenActivationResetsPending" name="test_patch_notes_only_does_not_touch_itemStatus" time="0.463" /><testcase classname="backend.tests.test_kitchen_reset_pending_fix.TestKitchenActivationResetsPending" name="test_repeated_activation_is_idempotent" time="1.759" /></testsuite></testsuites>