<?xml version="1.0" encoding="utf-8"?><testsuites name="pytest tests"><testsuite name="pytest" errors="0" failures="0" skipped="0" tests="9" time="2.634" timestamp="2026-09-25T11:35:30.188131+00:00" hostname="agent-env-0bf4f91e-0cf3-4e84-9fb8-5807a06a2861"><testcase classname="backend.tests.test_porzionatura.TestPorzionaturaEndpoint" name="test_returns_200_and_list" time="0.231" /><testcase classname="backend.tests.test_porzionatura.TestPorzionaturaEndpoint" name="test_group_shape" time="0.076" /><testcase classname="backend.tests.test_porzionatura.TestPorzionaturaEndpoint" name="test_sorted_alphabetically" time="0.083" /><testcase classname="backend.tests.test_porzionatura.TestPorzionaturaEndpoint" name="test_total_quantity_equals_sum_of_entries" time="0.076" /><testcase classname="backend.tests.test_porzionatura.TestPorzionaturaEndpoint" name="test_pasta_zucchine_qty_3_single_entry" time="0.080" /><testcase classname="backend.tests.test_porzionatura.TestKitchenPorzionaturaMutualExclusivity" name="test_flag_sendtokitchen_moves_item" time="0.454" /><testcase classname="backend.tests.test_porzionatura.TestStatusToggleRecalc" name="test_all_ready_makes_order_pronto_then_reverse" time="1.389" /><testcase classname="backend.tests.test_porzionatura.TestCustomDishSeparation" name="test_daily_summary_separates_custom_items" time="0.068" /><testcase classname="backend.tests.test_porzionatura.TestCustomDishSeparation" name="test_top_dishes_separates_custom_items" time="0.069" /></testsuite></testsuites>