<?xml version="1.0" encoding="utf-8"?><testsuites name="pytest tests"><testsuite name="pytest" errors="0" failures="0" skipped="0" tests="10" time="2.437" timestamp="2026-03-03T17:09:19.349483+00:00" hostname="agent-env-cb745692-e36d-4289-a461-3cdd5acd73cb"><testcase classname="backend.tests.test_receipt_and_categories.TestCategoriesAPI" name="test_get_categories" time="0.182" /><testcase classname="backend.tests.test_receipt_and_categories.TestCategoriesAPI" name="test_categories_have_expected_names" time="0.114" /><testcase classname="backend.tests.test_receipt_and_categories.TestMenuWithCategories" name="test_get_menu_by_date" time="0.130" /><testcase classname="backend.tests.test_receipt_and_categories.TestOrdersAPI" name="test_get_orders" time="0.133" /><testcase classname="backend.tests.test_receipt_and_categories.TestOrdersAPI" name="test_order_has_receipt_field" time="0.152" /><testcase classname="backend.tests.test_receipt_and_categories.TestReceiptEndpoints" name="test_upload_receipt" time="0.285" /><testcase classname="backend.tests.test_receipt_and_categories.TestReceiptEndpoints" name="test_get_order_with_receipt" time="0.409" /><testcase classname="backend.tests.test_receipt_and_categories.TestReceiptEndpoints" name="test_delete_receipt" time="0.398" /><testcase classname="backend.tests.test_receipt_and_categories.TestReceiptEndpoints" name="test_upload_receipt_invalid_order" time="0.117" /><testcase classname="backend.tests.test_receipt_and_categories.TestPaymentEndpoints" name="test_update_payment_status" time="0.339" /></testsuite></testsuites>