<?xml version="1.0" encoding="utf-8"?><testsuites name="pytest tests"><testsuite name="pytest" errors="1" failures="0" skipped="0" tests="11" time="5.864" timestamp="2026-03-21T22:36:09.555666+00:00" hostname="agent-env-0bf4f91e-0cf3-4e84-9fb8-5807a06a2861"><testcase classname="backend.tests.test_custom_items_by_index.TestByIndexEndpoints" name="test_update_custom_item_status_by_index_to_ready" time="0.529" /><testcase classname="backend.tests.test_custom_items_by_index.TestByIndexEndpoints" name="test_update_custom_item_status_by_index_to_problem" time="0.442" /><testcase classname="backend.tests.test_custom_items_by_index.TestByIndexEndpoints" name="test_update_custom_item_status_by_index_back_to_pending" time="0.633" /><testcase classname="backend.tests.test_custom_items_by_index.TestByIndexEndpoints" name="test_delete_custom_item_by_index" time="0.443" /><testcase classname="backend.tests.test_custom_items_by_index.TestByIndexEndpoints" name="test_update_status_invalid_index" time="0.511" /><testcase classname="backend.tests.test_custom_items_by_index.TestByIndexEndpoints" name="test_delete_invalid_index" time="0.214"><error message="failed on setup with &quot;AssertionError: Failed to create order: Worker error: Network connection lost.&#10;assert 500 == 200&#10; +  where 500 = &lt;Response [500]&gt;.status_code&quot;">backend/tests/test_custom_items_by_index.py:48: in test_order_with_custom_item
    assert order_response.status_code == 200, f"Failed to create order: {order_response.text}"
E   AssertionError: Failed to create order: Worker error: Network connection lost.
E   assert 500 == 200
E    +  where 500 = &lt;Response [500]&gt;.status_code</error></testcase><testcase classname="backend.tests.test_custom_items_by_index.TestByIndexEndpoints" name="test_update_status_invalid_status" time="0.450" /><testcase classname="backend.tests.test_custom_items_by_index.TestMixedItemsOrder" name="test_update_second_custom_item_status" time="0.701" /><testcase classname="backend.tests.test_custom_items_by_index.TestMixedItemsOrder" name="test_delete_first_item_preserves_second" time="0.649" /><testcase classname="backend.tests.test_custom_items_by_index.TestFrontendAPIFunctions" name="test_removeItemByIndex_function" time="0.597" /><testcase classname="backend.tests.test_custom_items_by_index.TestFrontendAPIFunctions" name="test_updateItemStatusByIndex_function" time="0.565" /></testsuite></testsuites>